{"level":"info","message":"Request: GET /api/submissions","timestamp":"2024-06-06T22:13:21.868Z"}
{"level":"info","message":"Request: GET /api/submissions","timestamp":"2024-06-06T22:13:23.045Z"}
{"level":"info","message":"Request: GET /api/submissions","timestamp":"2024-06-06T22:13:25.308Z"}
{"level":"info","message":"Request: GET /favicon.ico","timestamp":"2024-06-06T22:13:25.792Z"}
{"headers":{"accept":"text/html,application/xhtml+xml,application/xml;q=0.9,image/avif,image/webp,*/*;q=0.8","accept-encoding":"gzip, deflate, br, zstd","accept-language":"en-US,en;q=0.5","connection":"keep-alive","cookie":"JSESSIONID=CDA0952E7C2C7801E44AD9544B7689A3","dnt":"1","host":"localhost:8080","priority":"u=1","sec-fetch-dest":"document","sec-fetch-mode":"navigate","sec-fetch-site":"none","sec-fetch-user":"?1","upgrade-insecure-requests":"1","user-agent":"Mozilla/5.0 (X11; Linux x86_64; rv:126.0) Gecko/20100101 Firefox/126.0"},"level":"info","message":"Request: GET /api/submissions","timestamp":"2024-06-06T22:13:57.641Z"}
{"level":"info","message":"null Mozilla/5.0 (X11; Linux x86_64; rv:126.0) Gecko/20100101 Firefox/126.0 GET /api/submissions","timestamp":"2024-06-06T22:15:36.390Z"}
{"level":"info","message":"Mozilla/5.0 (X11; Linux x86_64; rv:126.0) Gecko/20100101 Firefox/126.0 GET /api/submissions","timestamp":"2024-06-06T22:16:20.412Z"}
{"level":"info","message":"Mozilla/5.0 (X11; Linux x86_64; rv:126.0) Gecko/20100101 Firefox/126.0 GET /api/submissions","timestamp":"2024-06-06T22:16:39.609Z"}
{"level":"info","message":"Mozilla/5.0 (X11; Linux x86_64; rv:126.0) Gecko/20100101 Firefox/126.0 GET /api/submission/all","timestamp":"2024-06-06T22:21:20.910Z"}
{"level":"info","message":"curl/8.8.0 GET /api/submission/all","timestamp":"2024-06-06T22:21:27.648Z"}
{"level":"info","message":"curl/8.8.0 GET /api/submission/all","timestamp":"2024-06-06T22:21:29.953Z"}
{"level":"info","message":"curl/8.8.0 GET /api/submission/all","timestamp":"2024-06-06T22:22:59.599Z"}
{"level":"info","message":"curl/8.8.0 GET /api/submission/all","timestamp":"2024-06-06T22:25:08.395Z"}
{"level":"info","message":"curl/8.8.0 GET /api/submission/all","timestamp":"2024-06-06T22:26:30.416Z"}
{"level":"info","message":"curl/8.8.0 GET /api/submission/all","timestamp":"2024-06-06T22:26:35.689Z"}
{"level":"info","message":"curl/8.8.0 GET /api/submission/all","timestamp":"2024-06-06T22:26:36.917Z"}
{"level":"info","message":"curl/8.8.0 GET /api/submission/all","timestamp":"2024-06-06T22:26:53.870Z"}
{"level":"info","message":"curl/8.8.0 GET /api/submission/all","timestamp":"2024-06-06T22:27:35.007Z"}
{"level":"info","message":"curl/8.8.0 GET /api/submission/all","timestamp":"2024-06-06T22:27:38.075Z"}
{"level":"info","message":"curl/8.8.0 GET /api/submission/all","timestamp":"2024-06-06T22:28:00.701Z"}
{"level":"info","message":"Mozilla/5.0 (X11; Linux x86_64; rv:126.0) Gecko/20100101 Firefox/126.0 GET /api/submission","timestamp":"2024-06-06T22:30:53.971Z"}
{"level":"info","message":"curl/8.8.0 GET /api/submission","timestamp":"2024-06-06T22:31:05.269Z"}
{"level":"info","message":"curl/8.8.0 GET /api/submission","timestamp":"2024-06-06T22:31:12.511Z"}
{"level":"info","message":"curl/8.8.0 GET /api/submission","timestamp":"2024-06-06T22:31:18.093Z"}
{"level":"info","message":"curl/8.8.0 GET /api/submission","timestamp":"2024-06-06T22:31:20.836Z"}
{"level":"info","message":"curl/8.8.0 POST /api/submission","timestamp":"2024-06-07T10:04:16.408Z"}
{"level":"info","message":"curl/8.8.0 POST /api/submission","timestamp":"2024-06-07T10:04:50.398Z"}
{"level":"info","message":"curl/8.8.0 POST /api/submission","timestamp":"2024-06-07T10:21:48.834Z"}
{"level":"info","message":"curl/8.8.0 POST /api/submission","timestamp":"2024-06-07T10:23:18.843Z"}
{"level":"info","message":"curl/8.8.0 POST /api/submission","timestamp":"2024-06-07T10:24:22.627Z"}
{"level":"info","message":"curl/8.8.0 POST /api/submission","timestamp":"2024-06-07T10:27:07.928Z"}
{"level":"info","message":"curl/8.8.0 POST /api/submission","timestamp":"2024-06-07T10:27:54.831Z"}
{"level":"info","message":"curl/8.8.0 POST /api/submission","timestamp":"2024-06-07T10:28:29.115Z"}
{"level":"info","message":"curl/8.8.0 POST /api/submission","timestamp":"2024-06-07T10:28:57.465Z"}
{"level":"info","message":"curl/8.8.0 POST /api/submission","timestamp":"2024-06-07T10:31:36.880Z"}
{"level":"info","message":"curl/8.8.0 POST /api/submission","timestamp":"2024-06-07T10:32:41.340Z"}
{"level":"info","message":"curl/8.8.0 POST /api/submission","timestamp":"2024-06-07T10:33:29.848Z"}
{"level":"info","message":"curl/8.8.0 POST /api/submission","timestamp":"2024-06-07T10:34:41.444Z"}
{"level":"info","message":"curl/8.8.0 POST /api/submission","timestamp":"2024-06-07T10:35:05.155Z"}
{"level":"info","message":"curl/8.8.0 POST /api/submission","timestamp":"2024-06-07T10:35:39.559Z"}
{"level":"info","message":"curl/8.8.0 POST /api/submission","timestamp":"2024-06-07T10:38:21.581Z"}
{"level":"info","message":"curl/8.8.0 POST /api/submission","timestamp":"2024-06-07T10:39:44.038Z"}
{"level":"info","message":"Mozilla/5.0 (X11; Linux x86_64; rv:126.0) Gecko/20100101 Firefox/126.0 GET /images","timestamp":"2024-06-07T10:47:00.316Z"}
{"level":"info","message":"Mozilla/5.0 (X11; Linux x86_64; rv:126.0) Gecko/20100101 Firefox/126.0 GET /favicon.ico","timestamp":"2024-06-07T10:47:00.576Z"}
{"level":"info","message":"Mozilla/5.0 (X11; Linux x86_64; rv:126.0) Gecko/20100101 Firefox/126.0 GET /images/Test.png","timestamp":"2024-06-07T10:47:05.535Z"}
{"level":"info","message":"Serving image /images/Test.png","timestamp":"2024-06-07T10:47:05.535Z"}
{"level":"info","message":"Mozilla/5.0 (X11; Linux x86_64; rv:126.0) Gecko/20100101 Firefox/126.0 GET /images/Test-null.png","timestamp":"2024-06-07T10:47:10.447Z"}
{"level":"info","message":"Serving image /images/Test-null.png","timestamp":"2024-06-07T10:47:10.447Z"}
{"level":"info","message":"Mozilla/5.0 (X11; Linux x86_64; rv:126.0) Gecko/20100101 Firefox/126.0 GET /images/Test-null.png","timestamp":"2024-06-07T10:48:00.991Z"}
{"level":"info","message":"Serving image /images/Test-null.png","timestamp":"2024-06-07T10:48:00.993Z"}
{"level":"info","message":"Mozilla/5.0 (X11; Linux x86_64; rv:126.0) Gecko/20100101 Firefox/126.0 GET /images/Test-693520.png","timestamp":"2024-06-07T10:52:13.228Z"}
{"level":"info","message":"Serving image /images/Test-693520.png","timestamp":"2024-06-07T10:52:13.228Z"}
{"level":"info","message":"Mozilla/5.0 (X11; Linux x86_64; rv:126.0) Gecko/20100101 Firefox/126.0 GET /images/Test-693520.jgp","timestamp":"2024-06-07T10:52:17.672Z"}
{"level":"info","message":"Serving image /images/Test-693520.jgp","timestamp":"2024-06-07T10:52:17.673Z"}
{"level":"info","message":"Mozilla/5.0 (X11; Linux x86_64; rv:126.0) Gecko/20100101 Firefox/126.0 GET /images/Test-693520.jpg","timestamp":"2024-06-07T10:52:20.457Z"}
{"level":"info","message":"Serving image /images/Test-693520.jpg","timestamp":"2024-06-07T10:52:20.458Z"}
{"level":"info","message":"Mozilla/5.0 (X11; Linux x86_64; rv:126.0) Gecko/20100101 Firefox/126.0 GET /images/Test-693520.jpg","timestamp":"2024-06-07T10:52:34.187Z"}
{"level":"info","message":"Serving image /images/Test-693520.jpg","timestamp":"2024-06-07T10:52:34.188Z"}
{"level":"info","message":"curl/8.8.0 POST /api/submission","timestamp":"2024-06-07T10:54:28.388Z"}
{"level":"info","message":"Mozilla/5.0 (X11; Linux x86_64; rv:126.0) Gecko/20100101 Firefox/126.0 GET /images/Test----508270.png","timestamp":"2024-06-07T10:54:46.256Z"}
{"level":"info","message":"Serving image /images/Test----508270.png","timestamp":"2024-06-07T10:54:46.256Z"}
{"level":"info","message":"Mozilla/5.0 (X11; Linux x86_64; rv:126.0) Gecko/20100101 Firefox/126.0 GET /favicon.ico","timestamp":"2024-06-07T10:54:47.032Z"}
{"level":"info","message":"curl/8.8.0 POST /api/submission","timestamp":"2024-06-07T10:56:14.923Z"}
{"level":"info","message":"curl/8.8.0 POST /api/submission","timestamp":"2024-06-07T10:56:15.233Z"}
{"level":"info","message":"Mozilla/5.0 (X11; Linux x86_64; rv:126.0) Gecko/20100101 Firefox/126.0 GET /images/despair_88363.gif","timestamp":"2024-06-07T10:56:27.634Z"}
{"level":"info","message":"Serving image /images/despair_88363.gif","timestamp":"2024-06-07T10:56:27.635Z"}
{"level":"info","message":"Mozilla/5.0 (X11; Linux x86_64; rv:126.0) Gecko/20100101 Firefox/126.0 GET /favicon.ico","timestamp":"2024-06-07T10:56:28.408Z"}
{"level":"info","message":"Mozilla/5.0 (X11; Linux x86_64; rv:126.0) Gecko/20100101 Firefox/126.0 GET /images/despair_88363.gif","timestamp":"2024-06-07T10:57:03.542Z"}
{"level":"info","message":"Serving image /images/despair_88363.gif","timestamp":"2024-06-07T10:57:03.544Z"}
{"level":"info","message":"Mozilla/5.0 (X11; Linux x86_64; rv:126.0) Gecko/20100101 Firefox/126.0 GET /images/test_518286.png","timestamp":"2024-06-07T10:57:12.324Z"}
{"level":"info","message":"Serving image /images/test_518286.png","timestamp":"2024-06-07T10:57:12.325Z"}
{"level":"info","message":"curl/8.8.0 GET /api/submission/all","timestamp":"2024-06-07T11:00:29.519Z"}
{"level":"info","message":"curl/8.8.0 GET /api/submission/all","timestamp":"2024-06-07T11:00:54.731Z"}
{"level":"info","message":"curl/8.8.0 POST /api/submission","timestamp":"2024-06-07T11:02:23.168Z"}
{"level":"info","message":"curl/8.8.0 GET /api/submission/all","timestamp":"2024-06-07T11:02:29.221Z"}
{"level":"info","message":"Mozilla/5.0 (X11; Linux x86_64; rv:126.0) Gecko/20100101 Firefox/126.0 GET /images/despair_102485.jpg","timestamp":"2024-06-07T11:06:33.490Z"}
{"level":"info","message":"Serving image /images/despair_102485.jpg","timestamp":"2024-06-07T11:06:33.491Z"}
{"level":"info","message":"curl/8.8.0 POST /api/submission","timestamp":"2024-06-07T13:47:48.813Z"}
{"level":"info","message":"curl/8.8.0 POST /api/vote","timestamp":"2024-06-07T13:48:10.584Z"}
{"level":"info","message":"curl/8.8.0 POST /api/vote","timestamp":"2024-06-07T13:49:47.500Z"}
{"level":"info","message":"curl/8.8.0 GET /api/submission/all","timestamp":"2024-06-07T13:51:03.190Z"}
{"level":"info","message":"curl/8.8.0 POST /api/vote","timestamp":"2024-06-07T13:52:00.806Z"}
{"level":"info","message":"curl/8.8.0 GET /api/submission/all","timestamp":"2024-06-07T13:52:06.057Z"}
{"level":"info","message":"curl/8.8.0 GET /api/submission/all","timestamp":"2024-06-07T13:53:04.818Z"}
{"level":"info","message":"curl/8.8.0 POST /api/vote","timestamp":"2024-06-07T13:53:13.726Z"}
{"level":"info","message":"curl/8.8.0 POST /api/submission/vote","timestamp":"2024-06-07T13:55:50.732Z"}
{"level":"info","message":"curl/8.8.0 POST /api/submission/vote","timestamp":"2024-06-07T13:56:02.655Z"}
{"level":"info","message":"curl/8.8.0 POST /api/submission/vote","timestamp":"2024-06-07T13:56:09.982Z"}
{"level":"info","message":"curl/8.8.0 POST /api/submission","timestamp":"2024-06-07T14:19:16.263Z"}
{"level":"info","message":"curl/8.8.0 POST /api/submission","timestamp":"2024-06-07T14:19:42.303Z"}
{"level":"info","message":"curl/8.8.0 POST /api/submission/vote","timestamp":"2024-06-07T14:19:52.725Z"}
{"level":"info","message":"curl/8.8.0 POST /api/submission","timestamp":"2024-06-07T14:20:10.864Z"}
{"level":"info","message":"curl/8.8.0 POST /api/submission/vote","timestamp":"2024-06-07T14:20:21.214Z"}
{"level":"info","message":"curl/8.8.0 PATCH /api/submission","timestamp":"2024-06-07T14:20:38.618Z"}
{"level":"info","message":"curl/8.8.0 GET /api/submission/all","timestamp":"2024-06-08T09:54:55.528Z"}
{"level":"info","message":"curl/8.8.0 PATCH /api/submission","timestamp":"2024-06-08T09:56:53.782Z"}
{"level":"info","message":"curl/8.8.0 PATCH /api/submission/vote","timestamp":"2024-06-08T09:57:06.486Z"}
{"level":"info","message":"curl/8.8.0 PATCH /api/submission","timestamp":"2024-06-08T09:57:31.271Z"}
{"level":"info","message":"curl/8.8.0 PATCH /api/submission/vote","timestamp":"2024-06-08T09:57:36.262Z"}
{"level":"info","message":"curl/8.8.0 GET /api/submission/all","timestamp":"2024-06-08T09:57:50.283Z"}
{"level":"info","message":"curl/8.8.0 DELETE /api/submission","timestamp":"2024-06-08T09:58:35.442Z"}
{"level":"info","message":"curl/8.8.0 DELETE /api/submission/vote","timestamp":"2024-06-08T09:58:37.174Z"}
{"level":"info","message":"curl/8.8.0 DELETE /api/submission","timestamp":"2024-06-08T09:59:29.775Z"}
{"level":"info","message":"curl/8.8.0 DELETE /api/submission/vote","timestamp":"2024-06-08T09:59:31.494Z"}
{"level":"info","message":"curl/8.8.0 GET /api/submission/all","timestamp":"2024-06-08T09:59:40.783Z"}
{"level":"info","message":"curl/8.8.0 GET /api/submission/all","timestamp":"2024-06-08T10:03:06.213Z"}
{"level":"info","message":"curl/8.8.0 GET /api/submission/all","timestamp":"2024-06-08T10:03:14.931Z"}
{"level":"info","message":"curl/8.8.0 GET /api/submission/all","timestamp":"2024-06-08T12:23:08.172Z"}
{"level":"info","message":"curl/8.8.0 GET /api/submission/vote","timestamp":"2024-06-08T12:23:08.225Z"}
{"level":"info","message":"curl/8.8.0 GET /api/submission/all","timestamp":"2024-06-08T12:23:27.910Z"}
{"level":"info","message":"curl/8.8.0 GET /api/submission/vote","timestamp":"2024-06-08T12:23:27.921Z"}
{"level":"info","message":"curl/8.8.0 GET /api/submission/all","timestamp":"2024-06-08T12:23:53.080Z"}
{"level":"info","message":"curl/8.8.0 GET /api/submission/votes","timestamp":"2024-06-08T12:23:53.091Z"}
{"level":"info","message":"curl/8.8.0 POST /api/submission","timestamp":"2024-06-08T12:24:17.579Z"}
{"level":"info","message":"curl/8.8.0 POST /api/submission/vote","timestamp":"2024-06-08T12:24:28.772Z"}
{"level":"info","message":"curl/8.8.0 GET /api/submission/all","timestamp":"2024-06-08T12:24:37.699Z"}
{"level":"info","message":"curl/8.8.0 GET /api/submission/votes","timestamp":"2024-06-08T12:24:37.707Z"}
{"level":"info","message":"AsukaBot (1.0.0) GET /api//submission/all","timestamp":"2024-06-08T12:55:21.793Z"}
{"level":"info","message":"curl/8.8.0 GET /api/submission/all","timestamp":"2024-06-09T23:28:08.335Z"}
{"level":"info","message":"curl/8.8.0 GET /api/submission/votes","timestamp":"2024-06-09T23:28:08.438Z"}
{"level":"info","message":"curl/8.8.0 POST /api/submission","timestamp":"2024-06-09T23:29:38.199Z"}
{"level":"info","message":"curl/8.8.0 POST /api/submission","timestamp":"2024-06-09T23:30:05.587Z"}
{"level":"info","message":"curl/8.8.0 POST /api/submission/vote","timestamp":"2024-06-09T23:32:20.301Z"}
{"level":"info","message":"curl/8.8.0 GET /api/submission/all","timestamp":"2024-06-09T23:32:50.447Z"}
{"level":"info","message":"curl/8.8.0 GET /api/submission/votes","timestamp":"2024-06-09T23:32:50.459Z"}
{"level":"info","message":"Mozilla/5.0 (X11; Linux x86_64; rv:126.0) Gecko/20100101 Firefox/126.0 GET /","timestamp":"2024-06-10T14:25:41.809Z"}
{"level":"info","message":"Mozilla/5.0 (X11; Linux x86_64; rv:126.0) Gecko/20100101 Firefox/126.0 GET /favicon.ico","timestamp":"2024-06-10T14:25:42.219Z"}
{"level":"info","message":"Mozilla/5.0 (X11; Linux x86_64; rv:126.0) Gecko/20100101 Firefox/126.0 GET /","timestamp":"2024-06-10T14:26:49.963Z"}
{"level":"info","message":"Mozilla/5.0 (X11; Linux x86_64; rv:126.0) Gecko/20100101 Firefox/126.0 GET /api/event/all","timestamp":"2024-06-10T14:26:59.733Z"}
{"level":"info","message":"Mozilla/5.0 (X11; Linux x86_64; rv:126.0) Gecko/20100101 Firefox/126.0 GET /api/event/all","timestamp":"2024-06-10T14:28:46.685Z"}
{"level":"info","message":"Mozilla/5.0 (X11; Linux x86_64; rv:126.0) Gecko/20100101 Firefox/126.0 GET /api/event","timestamp":"2024-06-10T14:28:57.947Z"}
{"level":"info","message":"Mozilla/5.0 (X11; Linux x86_64; rv:126.0) Gecko/20100101 Firefox/126.0 GET /api/submission/all","timestamp":"2024-06-10T14:29:00.462Z"}
{"level":"info","message":"Bun/1.1.10 POST /api/submission","timestamp":"2024-06-10T14:41:19.370Z"}
{"level":"info","message":"Bun/1.1.10 POST /api/submission","timestamp":"2024-06-10T14:43:02.590Z"}
{"level":"info","message":"Bun/1.1.10 POST /api/submission","timestamp":"2024-06-10T14:45:54.276Z"}
{"level":"info","message":"Bun/1.1.10 POST /api/submission","timestamp":"2024-06-10T14:46:33.349Z"}
{"level":"info","message":"Bun/1.1.10 POST /api/submission","timestamp":"2024-06-10T14:47:36.258Z"}
{"level":"info","message":"Bun/1.1.10 POST /api/submission","timestamp":"2024-06-10T14:51:37.916Z"}
{"level":"info","message":"Bun/1.1.10 POST /api/submission","timestamp":"2024-06-10T14:54:49.922Z"}
{"level":"info","message":"Bun/1.1.10 POST /api/submission","timestamp":"2024-06-10T14:57:48.728Z"}
